<?xml version="1.0" encoding="UTF-8"?>
<testsuite xmlns:xsi="http://www.w3.org/2001/XMLSchema-instance" xsi:noNamespaceSchemaLocation="https://maven.apache.org/surefire/maven-surefire-plugin/xsd/surefire-test-report-3.0.xsd" version="3.0" name="com.petlifecycle.petlifecycle_backend.PetlifecycleBackendApplicationTests" time="2.719" tests="1" errors="0" skipped="0" failures="0">
  <properties>
[...]
</properties>
  <testcase name="contextLoads" classname="com.petlifecycle.petlifecycle_backend.PetlifecycleBackendApplicationTests" time="0.357">
    <system-out><![CDATA[12:59:06.159 [main] INFO org.springframework.test.context.support.AnnotationConfigContextLoaderUtils -- Could not detect default configuration classes for test class [com.petlifecycle.petlifecycle_backend.PetlifecycleBackendApplicationTests]: PetlifecycleBackendApplicationTests does not declare any static, non-private, non-final, nested classes annotated with @Configuration.
12:59:06.284 [main] INFO org.springframework.boot.test.context.SpringBootTestContextBootstrapper -- Found @SpringBootConfiguration com.petlifecycle.petlifecycle_backend.PetlifecycleBackendApplication for test class com.petlifecycle.petlifecycle_backend.PetlifecycleBackendApplicationTests

  .   ____          _            __ _ _
 /\\ / ___'_ __ _ _(_)_ __  __ _ \ \ \ \
( ( )\___ | '_ | '_| | '_ \/ _` | \ \ \ \
 \\/  ___)| |_)| | | | | || (_| |  ) ) ) )
  '  |____| .__|_| |_|_| |_\__, | / / / /
 =========|_|==============|___/=/_/_/_/
 :: Spring Boot ::                (v3.2.0)

2025-12-24T12:59:06.468+03:00  INFO 57017 --- [petlifecycle-backend] [           main] .p.p.PetlifecycleBackendApplicationTests : Starting PetlifecycleBackendApplicationTests using Java 25.0.1 with PID 57017 (started by birhatmf in /Users/birhatmf/Downloads/PetLifeCycle-main)
2025-12-24T12:59:06.469+03:00  INFO 57017 --- [petlifecycle-backend] [           main] .p.p.PetlifecycleBackendApplicationTests : No active profile set, falling back to 1 default profile: "default"
2025-12-24T12:59:06.866+03:00  INFO 57017 --- [petlifecycle-backend] [           main] .s.d.r.c.RepositoryConfigurationDelegate : Bootstrapping Spring Data JPA repositories in DEFAULT mode.
2025-12-24T12:59:06.897+03:00  INFO 57017 --- [petlifecycle-backend] [           main] .s.d.r.c.RepositoryConfigurationDelegate : Finished Spring Data repository scanning in 27 ms. Found 2 JPA repository interfaces.
2025-12-24T12:59:07.120+03:00  INFO 57017 --- [petlifecycle-backend] [           main] com.zaxxer.hikari.HikariDataSource       : HikariPool-1 - Starting...
2025-12-24T12:59:07.212+03:00  INFO 57017 --- [petlifecycle-backend] [           main] com.zaxxer.hikari.pool.HikariPool        : HikariPool-1 - Added connection conn0: url=jdbc:h2:mem:testdb user=SA
2025-12-24T12:59:07.213+03:00  INFO 57017 --- [petlifecycle-backend] [           main] com.zaxxer.hikari.HikariDataSource       : HikariPool-1 - Start completed.
2025-12-24T12:59:07.236+03:00  INFO 57017 --- [petlifecycle-backend] [           main] o.hibernate.jpa.internal.util.LogHelper  : HHH000204: Processing PersistenceUnitInfo [name: default]
2025-12-24T12:59:07.298+03:00  INFO 57017 --- [petlifecycle-backend] [           main] org.hibernate.Version                    : HHH000412: Hibernate ORM core version 6.3.1.Final
2025-12-24T12:59:07.317+03:00  INFO 57017 --- [petlifecycle-backend] [           main] o.h.c.internal.RegionFactoryInitiator    : HHH000026: Second-level cache disabled
2025-12-24T12:59:07.444+03:00  INFO 57017 --- [petlifecycle-backend] [           main] o.s.o.j.p.SpringPersistenceUnitInfo      : No LoadTimeWeaver setup: ignoring JPA class transformer
2025-12-24T12:59:07.477+03:00  WARN 57017 --- [petlifecycle-backend] [           main] org.hibernate.orm.deprecation            : HHH90000025: H2Dialect does not need to be specified explicitly using 'hibernate.dialect' (remove the property setting and it will be selected by default)
2025-12-24T12:59:07.916+03:00  INFO 57017 --- [petlifecycle-backend] [           main] o.h.e.t.j.p.i.JtaPlatformInitiator       : HHH000489: No JTA platform available (set 'hibernate.transaction.jta.platform' to enable JTA platform integration)
2025-12-24T12:59:07.949+03:00  INFO 57017 --- [petlifecycle-backend] [           main] j.LocalContainerEntityManagerFactoryBean : Initialized JPA EntityManagerFactory for persistence unit 'default'
2025-12-24T12:59:08.231+03:00  WARN 57017 --- [petlifecycle-backend] [           main] JpaBaseConfiguration$JpaWebConfiguration : spring.jpa.open-in-view is enabled by default. Therefore, database queries may be performed during view rendering. Explicitly configure spring.jpa.open-in-view to disable this warning
2025-12-24T12:59:08.440+03:00  INFO 57017 --- [petlifecycle-backend] [           main] .p.p.PetlifecycleBackendApplicationTests : Started PetlifecycleBackendApplicationTests in 2.089 seconds (process running for 2.623)
]]></system-out>
    <system-err><![CDATA[WARNING: A Java agent has been loaded dynamically (/Users/birhatmf/.m2/repository/net/bytebuddy/byte-buddy-agent/1.14.10/byte-buddy-agent-1.14.10.jar)
WARNING: If a serviceability tool is in use, please run with -XX:+EnableDynamicAgentLoading to hide this warning
WARNING: If a serviceability tool is not in use, please run with -Djdk.instrument.traceUsage for more information
WARNING: Dynamic loading of agents will be disallowed by default in a future release
]]></system-err>
  </testcase>
</testsuite>